[2025-05-15T11:11:54Z DEBUG spltui] Starting application in verbose mode
[2025-05-15T11:11:54Z DEBUG spltui] Entering application main loop
[2025-05-15T11:11:54Z DEBUG spltui::ui] Drawing UI.
[2025-05-15T11:11:54Z DEBUG spltui::ui] Rendering: Menu.
[2025-05-15T11:12:02Z DEBUG spltui] Key pressed: Char('2')
[2025-05-15T11:12:02Z DEBUG spltui::ui] Drawing UI.
[2025-05-15T11:12:02Z DEBUG spltui::ui] Rendering: SPLDV Input Form.
[2025-05-15T11:12:03Z DEBUG spltui] Key pressed: Right
[2025-05-15T11:12:03Z DEBUG spltui::ui] Drawing UI.
[2025-05-15T11:12:03Z DEBUG spltui::ui] Rendering: SPLDV Input Form.
[2025-05-15T11:12:03Z DEBUG spltui] Key pressed: Right
[2025-05-15T11:12:03Z DEBUG spltui::ui] Drawing UI.
[2025-05-15T11:12:03Z DEBUG spltui::ui] Rendering: SPLDV Input Form.
[2025-05-15T11:12:04Z DEBUG spltui] Key pressed: Left
[2025-05-15T11:12:04Z DEBUG spltui::ui] Drawing UI.
[2025-05-15T11:12:04Z DEBUG spltui::ui] Rendering: SPLDV Input Form.
[2025-05-15T11:12:04Z DEBUG spltui] Key pressed: Right
[2025-05-15T11:12:04Z DEBUG spltui::ui] Drawing UI.
[2025-05-15T11:12:04Z DEBUG spltui::ui] Rendering: SPLDV Input Form.
[2025-05-15T11:12:05Z DEBUG spltui] Key pressed: Right
[2025-05-15T11:12:05Z DEBUG spltui::ui] Drawing UI.
[2025-05-15T11:12:05Z DEBUG spltui::ui] Rendering: SPLDV Input Form.
[2025-05-15T11:12:05Z DEBUG spltui] Key pressed: Right
[2025-05-15T11:12:05Z DEBUG spltui::ui] Drawing UI.
[2025-05-15T11:12:05Z DEBUG spltui::ui] Rendering: SPLDV Input Form.
[2025-05-15T11:12:05Z DEBUG spltui] Key pressed: Right
[2025-05-15T11:12:05Z DEBUG spltui::ui] Drawing UI.
[2025-05-15T11:12:05Z DEBUG spltui::ui] Rendering: SPLDV Input Form.
[2025-05-15T11:12:05Z DEBUG spltui] Key pressed: Left
[2025-05-15T11:12:05Z DEBUG spltui::ui] Drawing UI.
[2025-05-15T11:12:05Z DEBUG spltui::ui] Rendering: SPLDV Input Form.
[2025-05-15T11:12:06Z DEBUG spltui] Key pressed: Left
[2025-05-15T11:12:06Z DEBUG spltui::ui] Drawing UI.
[2025-05-15T11:12:06Z DEBUG spltui::ui] Rendering: SPLDV Input Form.
[2025-05-15T11:12:06Z DEBUG spltui] Key pressed: Left
[2025-05-15T11:12:06Z DEBUG spltui::ui] Drawing UI.
[2025-05-15T11:12:06Z DEBUG spltui::ui] Rendering: SPLDV Input Form.
[2025-05-15T11:12:06Z DEBUG spltui] Key pressed: Left
[2025-05-15T11:12:06Z DEBUG spltui::ui] Drawing UI.
[2025-05-15T11:12:06Z DEBUG spltui::ui] Rendering: SPLDV Input Form.
[2025-05-15T11:12:06Z DEBUG spltui] Key pressed: Left
[2025-05-15T11:12:06Z DEBUG spltui::ui] Drawing UI.
[2025-05-15T11:12:06Z DEBUG spltui::ui] Rendering: SPLDV Input Form.
[2025-05-15T11:12:07Z DEBUG spltui] Key pressed: Char('1')
[2025-05-15T11:12:07Z DEBUG spltui::ui] Drawing UI.
[2025-05-15T11:12:07Z DEBUG spltui::ui] Rendering: SPLDV Input Form.
[2025-05-15T11:12:08Z DEBUG spltui] Key pressed: Right
[2025-05-15T11:12:08Z DEBUG spltui::ui] Drawing UI.
[2025-05-15T11:12:08Z DEBUG spltui::ui] Rendering: SPLDV Input Form.
[2025-05-15T11:12:08Z DEBUG spltui] Key pressed: Char('2')
[2025-05-15T11:12:08Z DEBUG spltui::ui] Drawing UI.
[2025-05-15T11:12:08Z DEBUG spltui::ui] Rendering: SPLDV Input Form.
[2025-05-15T11:12:09Z DEBUG spltui] Key pressed: Right
[2025-05-15T11:12:09Z DEBUG spltui::ui] Drawing UI.
[2025-05-15T11:12:09Z DEBUG spltui::ui] Rendering: SPLDV Input Form.
[2025-05-15T11:12:09Z DEBUG spltui] Key pressed: Char('4')
[2025-05-15T11:12:09Z DEBUG spltui::ui] Drawing UI.
[2025-05-15T11:12:09Z DEBUG spltui::ui] Rendering: SPLDV Input Form.
[2025-05-15T11:12:10Z DEBUG spltui] Key pressed: Right
[2025-05-15T11:12:10Z DEBUG spltui::ui] Drawing UI.
[2025-05-15T11:12:10Z DEBUG spltui::ui] Rendering: SPLDV Input Form.
[2025-05-15T11:12:11Z DEBUG spltui] Key pressed: Char('5')
[2025-05-15T11:12:11Z DEBUG spltui::ui] Drawing UI.
[2025-05-15T11:12:11Z DEBUG spltui::ui] Rendering: SPLDV Input Form.
[2025-05-15T11:12:11Z DEBUG spltui] Key pressed: Right
[2025-05-15T11:12:11Z DEBUG spltui::ui] Drawing UI.
[2025-05-15T11:12:11Z DEBUG spltui::ui] Rendering: SPLDV Input Form.
[2025-05-15T11:12:11Z DEBUG spltui] Key pressed: Char('6')
[2025-05-15T11:12:11Z DEBUG spltui::ui] Drawing UI.
[2025-05-15T11:12:11Z DEBUG spltui::ui] Rendering: SPLDV Input Form.
[2025-05-15T11:12:12Z DEBUG spltui] Key pressed: Right
[2025-05-15T11:12:12Z DEBUG spltui::ui] Drawing UI.
[2025-05-15T11:12:12Z DEBUG spltui::ui] Rendering: SPLDV Input Form.
[2025-05-15T11:12:12Z DEBUG spltui] Key pressed: Char('9')
[2025-05-15T11:12:12Z DEBUG spltui::ui] Drawing UI.
[2025-05-15T11:12:12Z DEBUG spltui::ui] Rendering: SPLDV Input Form.
[2025-05-15T11:12:13Z DEBUG spltui] Key pressed: Enter
[2025-05-15T11:12:13Z DEBUG spltui::ui] Drawing UI.
[2025-05-15T11:12:13Z DEBUG spltui::ui] Rendering: Result.
[2025-05-15T11:12:15Z DEBUG spltui] Key pressed: Char('q')
[2025-05-15T11:12:15Z DEBUG spltui] Exit signal received
[2025-05-15T11:12:15Z DEBUG spltui] Exiting application
